2026-04-04 12:52:00,884 - ReverserX - INFO - Sistema iniciado - Versao 3.0.0
2026-04-04 12:52:15,683 - ReverserX - INFO - Sistema iniciado - Versao 3.0.0
2026-04-04 12:58:03,891 - ReverserX - INFO - Sistema iniciado - Versao 3.0.0
2026-04-04 12:58:38,994 - ReverserX - INFO - Sistema iniciado - Versao 3.0.0
2026-04-04 13:01:17,617 - ReverserX - INFO - Sistema iniciado - Versao 3.0.0
2026-04-04 13:02:52,565 - ReverserX - INFO - Sistema iniciado - Versao 3.0.0
2026-04-04 13:02:52,569 - ReverserX - ERROR - Erro no modo interativo: AdvancedAnalyzer.__init__() got an unexpected keyword argument 'config'
2026-04-04 13:02:52,570 - ReverserX - ERROR - Traceback (most recent call last):
  File "/home/gpwebsolution/Área de trabalho/py/reverser_x_supreme/main.py", line 185, in run_interactive_mode
    menu = MainMenu(config)
           ^^^^^^^^^^^^^^^^
  File "/home/gpwebsolution/Área de trabalho/py/reverser_x_supreme/menus/main_menu.py", line 39, in __init__
    self.analyzer = AdvancedAnalyzer(config=self.config)
                    ^^^^^^^^^^^^^^^^^^^^^^^^^^^^^^^^^^^^
TypeError: AdvancedAnalyzer.__init__() got an unexpected keyword argument 'config'

2026-04-04 13:04:48,915 - ReverserX - INFO - Sistema iniciado - Versao 3.0.0
2026-04-04 13:04:48,919 - ReverserX - ERROR - Erro no modo interativo: AdvancedAnalyzer.__init__() got an unexpected keyword argument 'config'
2026-04-04 13:04:48,920 - ReverserX - ERROR - Traceback (most recent call last):
  File "/home/gpwebsolution/Área de trabalho/py/reverser_x_supreme/main.py", line 185, in run_interactive_mode
    menu = MainMenu(config)
           ^^^^^^^^^^^^^^^^
  File "/home/gpwebsolution/Área de trabalho/py/reverser_x_supreme/menus/main_menu.py", line 39, in __init__
    self.analyzer = AdvancedAnalyzer(config=self.config)
                    ^^^^^^^^^^^^^^^^^^^^^^^^^^^^^^^^^^^^
TypeError: AdvancedAnalyzer.__init__() got an unexpected keyword argument 'config'

2026-04-04 13:12:22,372 - ReverserX - INFO - Sistema iniciado - Versao 3.0.0
2026-04-04 13:12:27,637 - ReverserX - INFO - Sistema iniciado - Versao 3.0.0
2026-04-04 13:12:27,640 - ReverserX - INFO - Processando string: SGVsbG8gV29ybGQ=...
2026-04-04 13:12:27,641 - ReverserX - ERROR - Erro durante analise: ReverserEngine.run_full_analysis() missing 1 required positional argument: 'data'
2026-04-04 13:12:27,642 - ReverserX - ERROR - Traceback (most recent call last):
  File "/home/gpwebsolution/Área de trabalho/py/reverser_x_supreme/main.py", line 231, in run_auto_mode
    results = engine.run_full_analysis()
              ^^^^^^^^^^^^^^^^^^^^^^^^^^
TypeError: ReverserEngine.run_full_analysis() missing 1 required positional argument: 'data'

2026-04-04 13:13:54,674 - ReverserX - INFO - Sistema iniciado - Versao 3.0.0
2026-04-04 13:13:55,336 - ReverserX - INFO - Sistema iniciado - Versao 3.0.0
2026-04-04 13:13:55,339 - ReverserX - INFO - Processando string: SGVsbG8gV29ybGQ=...
2026-04-04 13:13:55,340 - ReverserX - INFO - [1m[95mStarting full analysis[0m
2026-04-04 13:13:55,340 - ReverserX - INFO - Data size: 16 bytes, source: manual
2026-04-04 13:13:55,340 - ReverserX - INFO - [96m[TASK][0m Processing f4c252838a5c (depth=0, priority=0, methods=['all'])
2026-04-04 13:14:33,239 - ReverserX - INFO - Sistema iniciado - Versao 3.0.0
2026-04-04 13:14:33,243 - ReverserX - INFO - Processando string: SGVsbG8gV29ybGQ=...
2026-04-04 13:14:33,244 - ReverserX - INFO - [1m[95mStarting full analysis[0m
2026-04-04 13:14:33,244 - ReverserX - INFO - Data size: 16 bytes, source: manual
2026-04-04 13:14:33,244 - ReverserX - INFO - [96m[TASK][0m Processing ad693943ac34 (depth=0, priority=0, methods=['all'])
2026-04-04 13:15:42,402 - ReverserX - INFO - Sistema iniciado - Versao 3.0.0
2026-04-04 13:17:51,643 - ReverserX - INFO - Sistema iniciado - Versao 3.0.0
2026-04-04 13:18:40,385 - ReverserX - INFO - Sistema iniciado - Versao 3.0.0
2026-04-04 13:19:29,123 - ReverserX - INFO - Sistema iniciado - Versao 3.0.0
2026-04-04 13:50:21,866 - ReverserX - INFO - Sistema iniciado - Versao 3.0.0
2026-04-04 13:50:37,438 - ReverserX - INFO - Sistema iniciado - Versao 3.0.0
2026-04-05 04:56:56,310 - ReverserX - INFO - Sistema iniciado - Versao 3.0.0
2026-04-05 10:26:38,374 - ReverserX - INFO - Sistema iniciado - Versao 3.0.0
2026-04-05 10:27:51,319 - ReverserX - INFO - Sistema iniciado - Versao 3.0.0
2026-04-05 10:32:10,989 - ReverserX - INFO - Sistema iniciado - Versao 3.0.0
2026-04-05 10:32:10,994 - ReverserX - INFO - Processando string: UmV2ZXJzZXIgWCBlIG11aXRvIGxlZ2FsIQ==...
2026-04-05 10:32:10,995 - ReverserX - INFO - [1m[95mStarting full analysis[0m
2026-04-05 10:32:10,996 - ReverserX - INFO - Data size: 36 bytes, source: manual
2026-04-05 10:32:10,996 - ReverserX - INFO - [96m[TASK][0m Processing 8cbc77a86940 (depth=0, priority=0, methods=['all'])
2026-04-05 10:32:11,002 - ReverserX - INFO - [92m[RESULT][0m EncoderDecoder/base64 score=72.50 entropy=3.70
2026-04-05 10:32:11,002 - ReverserX - INFO - [92m[RESULT][0m EncoderDecoder/rot13 score=63.60 entropy=4.41
2026-04-05 10:32:11,002 - ReverserX - INFO - [92m[RESULT][0m EncoderDecoder/utf-16 score=25.40 entropy=4.40
2026-04-05 10:32:11,003 - ReverserX - INFO - [92m[RESULT][0m CryptoBreaker/rsa_detection score=0.80 entropy=4.41
2026-04-05 10:32:11,003 - ReverserX - INFO - [92m[RESULT][0m AdvancedAnalyzer/string_extraction score=63.60 entropy=4.41
2026-04-05 10:32:11,003 - ReverserX - INFO - [92m[RESULT][0m AdvancedAnalyzer/structure_detection score=0.60 entropy=4.41
2026-04-05 10:32:11,004 - ReverserX - INFO - [96m[TASK][0m Processing 537608685584 (depth=1, priority=1, methods=['all'])
2026-04-05 10:32:11,008 - ReverserX - INFO - [92m[RESULT][0m EncoderDecoder/rot13 score=72.50 entropy=3.70
2026-04-05 10:32:11,008 - ReverserX - INFO - [92m[RESULT][0m CryptoBreaker/rsa_detection score=0.80 entropy=3.70
2026-04-05 10:32:11,008 - ReverserX - INFO - [92m[RESULT][0m AdvancedAnalyzer/string_extraction score=72.50 entropy=3.70
2026-04-05 10:32:11,008 - ReverserX - INFO - [92m[RESULT][0m AdvancedAnalyzer/structure_detection score=0.60 entropy=3.70
2026-04-05 10:32:11,009 - ReverserX - INFO - [96m[TASK][0m Processing 1c0490e78d62 (depth=1, priority=1, methods=['all'])
2026-04-05 10:32:11,012 - ReverserX - INFO - [92m[RESULT][0m EncoderDecoder/rot13 score=63.60 entropy=4.41
2026-04-05 10:32:11,012 - ReverserX - INFO - [92m[RESULT][0m EncoderDecoder/utf-16 score=25.40 entropy=4.49
2026-04-05 10:32:11,012 - ReverserX - INFO - [92m[RESULT][0m CryptoBreaker/rsa_detection score=0.80 entropy=4.41
2026-04-05 10:32:11,012 - ReverserX - INFO - [92m[RESULT][0m AdvancedAnalyzer/string_extraction score=63.60 entropy=4.41
2026-04-05 10:32:11,012 - ReverserX - INFO - [92m[RESULT][0m AdvancedAnalyzer/structure_detection score=0.60 entropy=4.41
2026-04-05 10:32:11,013 - ReverserX - INFO - [96m[TASK][0m Processing cddb48f23f17 (depth=2, priority=2, methods=['all'])
2026-04-05 10:32:11,017 - ReverserX - INFO - [92m[RESULT][0m EncoderDecoder/rot13 score=72.50 entropy=3.70
2026-04-05 10:32:11,017 - ReverserX - INFO - [92m[RESULT][0m CryptoBreaker/rsa_detection score=0.80 entropy=3.70
2026-04-05 10:32:11,017 - ReverserX - INFO - [92m[RESULT][0m AdvancedAnalyzer/string_extraction score=72.50 entropy=3.70
2026-04-05 10:32:11,017 - ReverserX - INFO - [92m[RESULT][0m AdvancedAnalyzer/structure_detection score=0.60 entropy=3.70
2026-04-05 10:32:11,018 - ReverserX - INFO - [92m[1mAnalysis complete[0m - processed=4, results=59, elapsed=0.02s
2026-04-05 10:35:16,917 - ReverserX - INFO - Sistema iniciado - Versao 3.0.0
2026-04-05 10:35:16,931 - ReverserX - INFO - Processando string: UmV2ZXJzZXIgWCBlIG11aXRvIGxlZ2FsIQ==...
2026-04-05 10:35:16,935 - ReverserX - INFO - [1m[95mStarting full analysis[0m
2026-04-05 10:35:16,935 - ReverserX - INFO - Data size: 36 bytes, source: manual
2026-04-05 10:35:16,936 - ReverserX - INFO - [96m[TASK][0m Processing dd71297865d1 (depth=0, priority=0, methods=['all'])
2026-04-05 10:35:16,941 - ReverserX - INFO - [92m[RESULT][0m EncoderDecoder/base64 score=72.50 entropy=3.70
2026-04-05 10:35:16,943 - ReverserX - INFO - [92m[RESULT][0m EncoderDecoder/rot13 score=63.60 entropy=4.41
2026-04-05 10:35:16,944 - ReverserX - INFO - [92m[RESULT][0m EncoderDecoder/utf-16 score=25.40 entropy=4.40
2026-04-05 10:35:16,944 - ReverserX - INFO - [92m[RESULT][0m CryptoBreaker/rsa_detection score=0.80 entropy=4.41
2026-04-05 10:35:16,944 - ReverserX - INFO - [92m[RESULT][0m AdvancedAnalyzer/string_extraction score=63.60 entropy=4.41
2026-04-05 10:35:16,945 - ReverserX - INFO - [92m[RESULT][0m AdvancedAnalyzer/structure_detection score=0.60 entropy=4.41
2026-04-05 10:35:16,948 - ReverserX - INFO - [96m[TASK][0m Processing 92c8a8b0e6c4 (depth=1, priority=1, methods=['all'])
2026-04-05 10:35:16,954 - ReverserX - INFO - [92m[RESULT][0m EncoderDecoder/rot13 score=72.50 entropy=3.70
2026-04-05 10:35:16,956 - ReverserX - INFO - [92m[RESULT][0m CryptoBreaker/rsa_detection score=0.80 entropy=3.70
2026-04-05 10:35:16,956 - ReverserX - INFO - [92m[RESULT][0m AdvancedAnalyzer/string_extraction score=72.50 entropy=3.70
2026-04-05 10:35:16,956 - ReverserX - INFO - [92m[RESULT][0m AdvancedAnalyzer/structure_detection score=0.60 entropy=3.70
2026-04-05 10:35:16,957 - ReverserX - INFO - [96m[TASK][0m Processing 22c3c19563b4 (depth=1, priority=1, methods=['all'])
2026-04-05 10:35:16,962 - ReverserX - INFO - [92m[RESULT][0m EncoderDecoder/rot13 score=63.60 entropy=4.41
2026-04-05 10:35:16,966 - ReverserX - INFO - [92m[RESULT][0m EncoderDecoder/utf-16 score=25.40 entropy=4.49
2026-04-05 10:35:16,966 - ReverserX - INFO - [92m[RESULT][0m CryptoBreaker/rsa_detection score=0.80 entropy=4.41
2026-04-05 10:35:16,966 - ReverserX - INFO - [92m[RESULT][0m AdvancedAnalyzer/string_extraction score=63.60 entropy=4.41
2026-04-05 10:35:16,966 - ReverserX - INFO - [92m[RESULT][0m AdvancedAnalyzer/structure_detection score=0.60 entropy=4.41
2026-04-05 10:35:16,967 - ReverserX - INFO - [96m[TASK][0m Processing e1b2bcd3c682 (depth=2, priority=2, methods=['all'])
2026-04-05 10:35:16,972 - ReverserX - INFO - [92m[RESULT][0m EncoderDecoder/rot13 score=72.50 entropy=3.70
2026-04-05 10:35:16,972 - ReverserX - INFO - [92m[RESULT][0m CryptoBreaker/rsa_detection score=0.80 entropy=3.70
2026-04-05 10:35:16,972 - ReverserX - INFO - [92m[RESULT][0m AdvancedAnalyzer/string_extraction score=72.50 entropy=3.70
2026-04-05 10:35:16,972 - ReverserX - INFO - [92m[RESULT][0m AdvancedAnalyzer/structure_detection score=0.60 entropy=3.70
2026-04-05 10:35:16,975 - ReverserX - INFO - [92m[1mAnalysis complete[0m - processed=4, results=59, elapsed=0.04s
2026-04-05 10:35:41,801 - ReverserX - INFO - Sistema iniciado - Versao 3.0.0
2026-04-05 10:35:41,835 - ReverserX - INFO - Processando string: UmV2ZXJzZXIgWCBlIG11aXRvIGxlZ2FsIQ==...
2026-04-05 10:35:41,850 - ReverserX - INFO - [1m[95mStarting full analysis[0m
2026-04-05 10:35:41,850 - ReverserX - INFO - Data size: 36 bytes, source: manual
2026-04-05 10:35:41,850 - ReverserX - INFO - [96m[TASK][0m Processing fde788d4d325 (depth=0, priority=0, methods=['all'])
2026-04-05 10:35:41,880 - ReverserX - INFO - [92m[RESULT][0m EncoderDecoder/base64 score=72.50 entropy=3.70
2026-04-05 10:35:41,880 - ReverserX - INFO - [92m[RESULT][0m EncoderDecoder/rot13 score=63.60 entropy=4.41
2026-04-05 10:35:41,882 - ReverserX - INFO - [92m[RESULT][0m EncoderDecoder/utf-16 score=25.40 entropy=4.40
2026-04-05 10:35:41,885 - ReverserX - INFO - [92m[RESULT][0m CryptoBreaker/rsa_detection score=0.80 entropy=4.41
2026-04-05 10:35:41,891 - ReverserX - INFO - [92m[RESULT][0m AdvancedAnalyzer/string_extraction score=63.60 entropy=4.41
2026-04-05 10:35:41,892 - ReverserX - INFO - [92m[RESULT][0m AdvancedAnalyzer/structure_detection score=0.60 entropy=4.41
2026-04-05 10:35:41,905 - ReverserX - INFO - [96m[TASK][0m Processing 8a3e2b68cddd (depth=1, priority=1, methods=['all'])
2026-04-05 10:35:41,932 - ReverserX - INFO - [92m[RESULT][0m EncoderDecoder/rot13 score=72.50 entropy=3.70
2026-04-05 10:35:41,934 - ReverserX - INFO - [92m[RESULT][0m CryptoBreaker/rsa_detection score=0.80 entropy=3.70
2026-04-05 10:35:41,938 - ReverserX - INFO - [92m[RESULT][0m AdvancedAnalyzer/string_extraction score=72.50 entropy=3.70
2026-04-05 10:35:41,939 - ReverserX - INFO - [92m[RESULT][0m AdvancedAnalyzer/structure_detection score=0.60 entropy=3.70
2026-04-05 10:35:41,947 - ReverserX - INFO - [96m[TASK][0m Processing b1fbb46affe0 (depth=1, priority=1, methods=['all'])
2026-04-05 10:35:41,965 - ReverserX - INFO - [92m[RESULT][0m EncoderDecoder/rot13 score=63.60 entropy=4.41
2026-04-05 10:35:41,966 - ReverserX - INFO - [92m[RESULT][0m EncoderDecoder/utf-16 score=25.40 entropy=4.49
2026-04-05 10:35:41,966 - ReverserX - INFO - [92m[RESULT][0m CryptoBreaker/rsa_detection score=0.80 entropy=4.41
2026-04-05 10:35:41,968 - ReverserX - INFO - [92m[RESULT][0m AdvancedAnalyzer/string_extraction score=63.60 entropy=4.41
2026-04-05 10:35:41,973 - ReverserX - INFO - [92m[RESULT][0m AdvancedAnalyzer/structure_detection score=0.60 entropy=4.41
2026-04-05 10:35:41,979 - ReverserX - INFO - [96m[TASK][0m Processing 7c070435e22c (depth=2, priority=2, methods=['all'])
2026-04-05 10:35:41,999 - ReverserX - INFO - [92m[RESULT][0m EncoderDecoder/rot13 score=72.50 entropy=3.70
2026-04-05 10:35:41,999 - ReverserX - INFO - [92m[RESULT][0m CryptoBreaker/rsa_detection score=0.80 entropy=3.70
2026-04-05 10:35:42,002 - ReverserX - INFO - [92m[RESULT][0m AdvancedAnalyzer/string_extraction score=72.50 entropy=3.70
2026-04-05 10:35:42,003 - ReverserX - INFO - [92m[RESULT][0m AdvancedAnalyzer/structure_detection score=0.60 entropy=3.70
2026-04-05 10:35:42,007 - ReverserX - INFO - [92m[1mAnalysis complete[0m - processed=4, results=59, elapsed=0.16s
2026-04-05 10:39:36,829 - ReverserX - INFO - Sistema iniciado - Versao 3.0.0
2026-04-05 10:39:36,837 - ReverserX - INFO - Processando string: UmV2ZXJzZXIgWCBlIG11aXRvIGxlZ2FsIQ==...
2026-04-05 10:39:36,838 - ReverserX - INFO - [1m[95mStarting full analysis[0m
2026-04-05 10:39:36,840 - ReverserX - INFO - Data size: 36 bytes, source: manual
2026-04-05 10:39:36,840 - ReverserX - INFO - [96m[TASK][0m Processing e8ea05acb1ef (depth=0, priority=0, methods=['all'])
2026-04-05 10:39:36,845 - ReverserX - INFO - [92m[RESULT][0m EncoderDecoder/base64 score=72.50 entropy=3.70
2026-04-05 10:39:36,847 - ReverserX - INFO - [92m[RESULT][0m EncoderDecoder/rot13 score=63.60 entropy=4.41
2026-04-05 10:39:36,847 - ReverserX - INFO - [92m[RESULT][0m EncoderDecoder/utf-16 score=25.40 entropy=4.40
2026-04-05 10:39:36,847 - ReverserX - INFO - [92m[RESULT][0m AdvancedAnalyzer/string_extraction score=63.60 entropy=4.41
2026-04-05 10:39:36,850 - ReverserX - INFO - [92m[RESULT][0m AdvancedAnalyzer/structure_detection score=0.60 entropy=4.41
2026-04-05 10:39:36,850 - ReverserX - INFO - [96m[TASK][0m Processing 2cb18dcdec8e (depth=1, priority=1, methods=['all'])
2026-04-05 10:39:36,866 - ReverserX - INFO - [92m[RESULT][0m EncoderDecoder/rot13 score=72.50 entropy=3.70
2026-04-05 10:39:36,866 - ReverserX - INFO - [92m[RESULT][0m AdvancedAnalyzer/string_extraction score=72.50 entropy=3.70
2026-04-05 10:39:36,867 - ReverserX - INFO - [92m[RESULT][0m AdvancedAnalyzer/structure_detection score=0.60 entropy=3.70
2026-04-05 10:39:36,867 - ReverserX - INFO - [96m[TASK][0m Processing b96310f893dd (depth=1, priority=1, methods=['all'])
2026-04-05 10:39:36,873 - ReverserX - INFO - [92m[RESULT][0m EncoderDecoder/rot13 score=63.60 entropy=4.41
2026-04-05 10:39:36,876 - ReverserX - INFO - [92m[RESULT][0m EncoderDecoder/utf-16 score=25.40 entropy=4.49
2026-04-05 10:39:36,876 - ReverserX - INFO - [92m[RESULT][0m AdvancedAnalyzer/string_extraction score=63.60 entropy=4.41
2026-04-05 10:39:36,876 - ReverserX - INFO - [92m[RESULT][0m AdvancedAnalyzer/structure_detection score=0.60 entropy=4.41
2026-04-05 10:39:36,877 - ReverserX - INFO - [96m[TASK][0m Processing f9cb0f808965 (depth=2, priority=2, methods=['all'])
2026-04-05 10:39:36,884 - ReverserX - INFO - [92m[RESULT][0m EncoderDecoder/rot13 score=72.50 entropy=3.70
2026-04-05 10:39:36,884 - ReverserX - INFO - [92m[RESULT][0m AdvancedAnalyzer/string_extraction score=72.50 entropy=3.70
2026-04-05 10:39:36,884 - ReverserX - INFO - [92m[RESULT][0m AdvancedAnalyzer/structure_detection score=0.60 entropy=3.70
2026-04-05 10:39:36,885 - ReverserX - INFO - [92m[1mAnalysis complete[0m - processed=4, results=59, elapsed=0.05s
2026-04-05 10:54:08,528 - ReverserX - INFO - Sistema iniciado - Versao 3.0.0
2026-04-05 10:54:08,532 - ReverserX - INFO - Processando string: UmV2ZXJzZXIgWCBlIG11aXRvIGxlZ2FsIQ==...
2026-04-05 10:54:08,533 - ReverserX - INFO - [1m[95mStarting full analysis[0m
2026-04-05 10:54:08,533 - ReverserX - INFO - Data size: 36 bytes, source: manual
2026-04-05 10:54:08,533 - ReverserX - INFO - [96m[TASK][0m Processing 45bbb70ee721 (depth=0, priority=0, methods=['all'])
2026-04-05 10:54:08,537 - ReverserX - INFO - [92m[RESULT][0m EncoderDecoder/base64 score=72.50 entropy=3.70
2026-04-05 10:54:08,537 - ReverserX - INFO - [92m[RESULT][0m EncoderDecoder/rot13 score=63.60 entropy=4.41
2026-04-05 10:54:08,537 - ReverserX - INFO - [92m[RESULT][0m EncoderDecoder/utf-16 score=25.40 entropy=4.40
2026-04-05 10:54:08,537 - ReverserX - INFO - [92m[RESULT][0m AdvancedAnalyzer/string_extraction score=63.60 entropy=4.41
2026-04-05 10:54:08,537 - ReverserX - INFO - [92m[RESULT][0m AdvancedAnalyzer/structure_detection score=0.60 entropy=4.41
2026-04-05 10:54:08,538 - ReverserX - INFO - [96m[TASK][0m Processing b33c0fd73627 (depth=1, priority=1, methods=['all'])
2026-04-05 10:54:08,541 - ReverserX - INFO - [92m[RESULT][0m EncoderDecoder/rot13 score=72.50 entropy=3.70
2026-04-05 10:54:08,542 - ReverserX - INFO - [92m[RESULT][0m AdvancedAnalyzer/string_extraction score=72.50 entropy=3.70
2026-04-05 10:54:08,542 - ReverserX - INFO - [92m[RESULT][0m AdvancedAnalyzer/structure_detection score=0.60 entropy=3.70
2026-04-05 10:54:08,542 - ReverserX - INFO - [96m[TASK][0m Processing 3308f2f4d753 (depth=1, priority=1, methods=['all'])
2026-04-05 10:54:08,545 - ReverserX - INFO - [92m[RESULT][0m EncoderDecoder/rot13 score=63.60 entropy=4.41
2026-04-05 10:54:08,546 - ReverserX - INFO - [92m[RESULT][0m EncoderDecoder/utf-16 score=25.40 entropy=4.49
2026-04-05 10:54:08,546 - ReverserX - INFO - [92m[RESULT][0m AdvancedAnalyzer/string_extraction score=63.60 entropy=4.41
2026-04-05 10:54:08,546 - ReverserX - INFO - [92m[RESULT][0m AdvancedAnalyzer/structure_detection score=0.60 entropy=4.41
2026-04-05 10:54:08,547 - ReverserX - INFO - [96m[TASK][0m Processing 737f27f8717d (depth=2, priority=2, methods=['all'])
2026-04-05 10:54:08,550 - ReverserX - INFO - [92m[RESULT][0m EncoderDecoder/rot13 score=72.50 entropy=3.70
2026-04-05 10:54:08,550 - ReverserX - INFO - [92m[RESULT][0m AdvancedAnalyzer/string_extraction score=72.50 entropy=3.70
2026-04-05 10:54:08,550 - ReverserX - INFO - [92m[RESULT][0m AdvancedAnalyzer/structure_detection score=0.60 entropy=3.70
2026-04-05 10:54:08,551 - ReverserX - INFO - [92m[1mAnalysis complete[0m - processed=4, results=59, elapsed=0.02s
2026-04-05 10:54:39,144 - ReverserX - INFO - Sistema iniciado - Versao 3.0.0
2026-04-09 20:32:21,146 - ReverserX - INFO - Sistema iniciado - Versao 3.0.0
